<?xml version="1.0" encoding="UTF-8"?>
<testsuite xmlns:xsi="http://www.w3.org/2001/XMLSchema-instance" xsi:noNamespaceSchemaLocation="https://maven.apache.org/surefire/maven-surefire-plugin/xsd/surefire-test-report-3.0.xsd" version="3.0" name="fr.pantheonsorbonne.ufr27.miage.GreetingResourceTest" time="21.883" tests="1" errors="1" skipped="0" failures="0">
  <properties>
    <property name="java.specification.version" value="16"/>
    <property name="sun.cpu.isalist" value="amd64"/>
    <property name="sun.jnu.encoding" value="Cp1252"/>
    <property name="java.class.path" value="C:\Users\jotia\Desktop\M1 MIAGE\INF2\bank-sub-system\loan-master\target\test-classes;C:\Users\jotia\Desktop\M1 MIAGE\INF2\bank-sub-system\loan-master\target\classes;C:\Users\jotia\.m2\repository\io\quarkus\quarkus-arc\2.4.0.Final\quarkus-arc-2.4.0.Final.jar;C:\Users\jotia\.m2\repository\io\quarkus\arc\arc\2.4.0.Final\arc-2.4.0.Final.jar;C:\Users\jotia\.m2\repository\jakarta\enterprise\jakarta.enterprise.cdi-api\2.0.2\jakarta.enterprise.cdi-api-2.0.2.jar;C:\Users\jotia\.m2\repository\jakarta\el\jakarta.el-api\3.0.3\jakarta.el-api-3.0.3.jar;C:\Users\jotia\.m2\repository\jakarta\interceptor\jakarta.interceptor-api\1.2.5\jakarta.interceptor-api-1.2.5.jar;C:\Users\jotia\.m2\repository\jakarta\annotation\jakarta.annotation-api\1.3.5\jakarta.annotation-api-1.3.5.jar;C:\Users\jotia\.m2\repository\org\jboss\logging\jboss-logging\3.4.2.Final\jboss-logging-3.4.2.Final.jar;C:\Users\jotia\.m2\repository\io\quarkus\quarkus-core\2.4.0.Final\quarkus-core-2.4.0.Final.jar;C:\Users\jotia\.m2\repository\jakarta\inject\jakarta.inject-api\1.0\jakarta.inject-api-1.0.jar;C:\Users\jotia\.m2\repository\io\quarkus\quarkus-ide-launcher\2.4.0.Final\quarkus-ide-launcher-2.4.0.Final.jar;C:\Users\jotia\.m2\repository\io\quarkus\quarkus-development-mode-spi\2.4.0.Final\quarkus-development-mode-spi-2.4.0.Final.jar;C:\Users\jotia\.m2\repository\io\smallrye\config\smallrye-config\2.5.1\smallrye-config-2.5.1.jar;C:\Users\jotia\.m2\repository\io\smallrye\config\smallrye-config-core\2.5.1\smallrye-config-core-2.5.1.jar;C:\Users\jotia\.m2\repository\org\eclipse\microprofile\config\microprofile-config-api\2.0\microprofile-config-api-2.0.jar;C:\Users\jotia\.m2\repository\io\smallrye\common\smallrye-common-expression\1.6.0\smallrye-common-expression-1.6.0.jar;C:\Users\jotia\.m2\repository\io\smallrye\common\smallrye-common-function\1.6.0\smallrye-common-function-1.6.0.jar;C:\Users\jotia\.m2\repository\io\smallrye\common\smallrye-common-constraint\1.6.0\smallrye-common-constraint-1.6.0.jar;C:\Users\jotia\.m2\repository\io\smallrye\common\smallrye-common-classloader\1.6.0\smallrye-common-classloader-1.6.0.jar;C:\Users\jotia\.m2\repository\io\smallrye\config\smallrye-config-common\2.5.1\smallrye-config-common-2.5.1.jar;C:\Users\jotia\.m2\repository\org\jboss\logmanager\jboss-logmanager-embedded\1.0.9\jboss-logmanager-embedded-1.0.9.jar;C:\Users\jotia\.m2\repository\org\jboss\logging\jboss-logging-annotations\2.2.1.Final\jboss-logging-annotations-2.2.1.Final.jar;C:\Users\jotia\.m2\repository\org\jboss\threads\jboss-threads\3.4.2.Final\jboss-threads-3.4.2.Final.jar;C:\Users\jotia\.m2\repository\org\slf4j\slf4j-api\1.7.30\slf4j-api-1.7.30.jar;C:\Users\jotia\.m2\repository\org\jboss\slf4j\slf4j-jboss-logmanager\1.1.0.Final\slf4j-jboss-logmanager-1.1.0.Final.jar;C:\Users\jotia\.m2\repository\org\graalvm\sdk\graal-sdk\21.2.0\graal-sdk-21.2.0.jar;C:\Users\jotia\.m2\repository\org\wildfly\common\wildfly-common\1.5.4.Final-format-001\wildfly-common-1.5.4.Final-format-001.jar;C:\Users\jotia\.m2\repository\io\quarkus\quarkus-bootstrap-runner\2.4.0.Final\quarkus-bootstrap-runner-2.4.0.Final.jar;C:\Users\jotia\.m2\repository\org\eclipse\microprofile\context-propagation\microprofile-context-propagation-api\1.2\microprofile-context-propagation-api-1.2.jar;C:\Users\jotia\.m2\repository\io\quarkus\quarkus-resteasy\2.4.0.Final\quarkus-resteasy-2.4.0.Final.jar;C:\Users\jotia\.m2\repository\io\quarkus\quarkus-vertx-http\2.4.0.Final\quarkus-vertx-http-2.4.0.Final.jar;C:\Users\jotia\.m2\repository\io\quarkus\quarkus-security-runtime-spi\2.4.0.Final\quarkus-security-runtime-spi-2.4.0.Final.jar;C:\Users\jotia\.m2\repository\io\quarkus\quarkus-mutiny\2.4.0.Final\quarkus-mutiny-2.4.0.Final.jar;C:\Users\jotia\.m2\repository\io\smallrye\reactive\mutiny\1.1.2\mutiny-1.1.2.jar;C:\Users\jotia\.m2\repository\io\quarkus\quarkus-smallrye-context-propagation\2.4.0.Final\quarkus-smallrye-context-propagation-2.4.0.Final.jar;C:\Users\jotia\.m2\repository\io\smallrye\smallrye-context-propagation\1.2.2\smallrye-context-propagation-1.2.2.jar;C:\Users\jotia\.m2\repository\io\smallrye\smallrye-context-propagation-api\1.2.2\smallrye-context-propagation-api-1.2.2.jar;C:\Users\jotia\.m2\repository\io\smallrye\smallrye-context-propagation-storage\1.2.2\smallrye-context-propagation-storage-1.2.2.jar;C:\Users\jotia\.m2\repository\io\smallrye\reactive\mutiny-smallrye-context-propagation\1.1.2\mutiny-smallrye-context-propagation-1.1.2.jar;C:\Users\jotia\.m2\repository\io\quarkus\quarkus-vertx-http-dev-console-runtime-spi\2.4.0.Final\quarkus-vertx-http-dev-console-runtime-spi-2.4.0.Final.jar;C:\Users\jotia\.m2\repository\io\quarkus\security\quarkus-security\1.1.4.Final\quarkus-security-1.1.4.Final.jar;C:\Users\jotia\.m2\repository\io\quarkus\quarkus-vertx\2.4.0.Final\quarkus-vertx-2.4.0.Final.jar;C:\Users\jotia\.m2\repository\io\quarkus\quarkus-netty\2.4.0.Final\quarkus-netty-2.4.0.Final.jar;C:\Users\jotia\.m2\repository\io\netty\netty-codec\4.1.68.Final\netty-codec-4.1.68.Final.jar;C:\Users\jotia\.m2\repository\io\netty\netty-codec-http\4.1.68.Final\netty-codec-http-4.1.68.Final.jar;C:\Users\jotia\.m2\repository\io\netty\netty-codec-http2\4.1.68.Final\netty-codec-http2-4.1.68.Final.jar;C:\Users\jotia\.m2\repository\io\netty\netty-handler\4.1.68.Final\netty-handler-4.1.68.Final.jar;C:\Users\jotia\.m2\repository\io\netty\netty-codec-haproxy\4.1.68.Final\netty-codec-haproxy-4.1.68.Final.jar;C:\Users\jotia\.m2\repository\io\netty\netty-buffer\4.1.68.Final\netty-buffer-4.1.68.Final.jar;C:\Users\jotia\.m2\repository\io\netty\netty-transport\4.1.68.Final\netty-transport-4.1.68.Final.jar;C:\Users\jotia\.m2\repository\io\quarkus\quarkus-jackson\2.4.0.Final\quarkus-jackson-2.4.0.Final.jar;C:\Users\jotia\.m2\repository\com\fasterxml\jackson\core\jackson-databind\2.12.5\jackson-databind-2.12.5.jar;C:\Users\jotia\.m2\repository\com\fasterxml\jackson\core\jackson-annotations\2.12.5\jackson-annotations-2.12.5.jar;C:\Users\jotia\.m2\repository\com\fasterxml\jackson\datatype\jackson-datatype-jsr310\2.12.5\jackson-datatype-jsr310-2.12.5.jar;C:\Users\jotia\.m2\repository\com\fasterxml\jackson\datatype\jackson-datatype-jdk8\2.12.5\jackson-datatype-jdk8-2.12.5.jar;C:\Users\jotia\.m2\repository\com\fasterxml\jackson\module\jackson-module-parameter-names\2.12.5\jackson-module-parameter-names-2.12.5.jar;C:\Users\jotia\.m2\repository\io\smallrye\common\smallrye-common-annotation\1.6.0\smallrye-common-annotation-1.6.0.jar;C:\Users\jotia\.m2\repository\io\smallrye\reactive\smallrye-mutiny-vertx-core\2.14.1\smallrye-mutiny-vertx-core-2.14.1.jar;C:\Users\jotia\.m2\repository\io\smallrye\reactive\smallrye-mutiny-vertx-runtime\2.14.1\smallrye-mutiny-vertx-runtime-2.14.1.jar;C:\Users\jotia\.m2\repository\io\smallrye\reactive\vertx-mutiny-generator\2.14.1\vertx-mutiny-generator-2.14.1.jar;C:\Users\jotia\.m2\repository\io\vertx\vertx-codegen\4.1.5\vertx-codegen-4.1.5.jar;C:\Users\jotia\.m2\repository\io\smallrye\smallrye-fault-tolerance-vertx\5.2.1\smallrye-fault-tolerance-vertx-5.2.1.jar;C:\Users\jotia\.m2\repository\io\smallrye\reactive\smallrye-mutiny-vertx-web\2.14.1\smallrye-mutiny-vertx-web-2.14.1.jar;C:\Users\jotia\.m2\repository\io\smallrye\reactive\smallrye-mutiny-vertx-web-common\2.14.1\smallrye-mutiny-vertx-web-common-2.14.1.jar;C:\Users\jotia\.m2\repository\io\smallrye\reactive\smallrye-mutiny-vertx-auth-common\2.14.1\smallrye-mutiny-vertx-auth-common-2.14.1.jar;C:\Users\jotia\.m2\repository\io\smallrye\reactive\smallrye-mutiny-vertx-bridge-common\2.14.1\smallrye-mutiny-vertx-bridge-common-2.14.1.jar;C:\Users\jotia\.m2\repository\io\vertx\vertx-web\4.1.5\vertx-web-4.1.5.jar;C:\Users\jotia\.m2\repository\io\vertx\vertx-web-common\4.1.5\vertx-web-common-4.1.5.jar;C:\Users\jotia\.m2\repository\io\vertx\vertx-auth-common\4.1.5\vertx-auth-common-4.1.5.jar;C:\Users\jotia\.m2\repository\io\vertx\vertx-bridge-common\4.1.5\vertx-bridge-common-4.1.5.jar;C:\Users\jotia\.m2\repository\io\vertx\vertx-core\4.1.5\vertx-core-4.1.5.jar;C:\Users\jotia\.m2\repository\io\netty\netty-common\4.1.68.Final\netty-common-4.1.68.Final.jar;C:\Users\jotia\.m2\repository\io\netty\netty-handler-proxy\4.1.68.Final\netty-handler-proxy-4.1.68.Final.jar;C:\Users\jotia\.m2\repository\io\netty\netty-codec-socks\4.1.68.Final\netty-codec-socks-4.1.68.Final.jar;C:\Users\jotia\.m2\repository\io\netty\netty-resolver\4.1.68.Final\netty-resolver-4.1.68.Final.jar;C:\Users\jotia\.m2\repository\io\netty\netty-resolver-dns\4.1.68.Final\netty-resolver-dns-4.1.68.Final.jar;C:\Users\jotia\.m2\repository\io\netty\netty-codec-dns\4.1.68.Final\netty-codec-dns-4.1.68.Final.jar;C:\Users\jotia\.m2\repository\com\fasterxml\jackson\core\jackson-core\2.12.5\jackson-core-2.12.5.jar;C:\Users\jotia\.m2\repository\io\quarkus\quarkus-resteasy-server-common\2.4.0.Final\quarkus-resteasy-server-common-2.4.0.Final.jar;C:\Users\jotia\.m2\repository\io\quarkus\quarkus-resteasy-common\2.4.0.Final\quarkus-resteasy-common-2.4.0.Final.jar;C:\Users\jotia\.m2\repository\org\jboss\resteasy\resteasy-core\4.7.0.Final\resteasy-core-4.7.0.Final.jar;C:\Users\jotia\.m2\repository\org\jboss\spec\javax\ws\rs\jboss-jaxrs-api_2.1_spec\2.0.1.Final\jboss-jaxrs-api_2.1_spec-2.0.1.Final.jar;C:\Users\jotia\.m2\repository\org\jboss\resteasy\resteasy-core-spi\4.7.0.Final\resteasy-core-spi-4.7.0.Final.jar;C:\Users\jotia\.m2\repository\com\ibm\async\asyncutil\0.1.0\asyncutil-0.1.0.jar;C:\Users\jotia\.m2\repository\jakarta\validation\jakarta.validation-api\2.0.2\jakarta.validation-api-2.0.2.jar;C:\Users\jotia\.m2\repository\io\quarkus\quarkus-junit5\2.4.0.Final\quarkus-junit5-2.4.0.Final.jar;C:\Users\jotia\.m2\repository\io\quarkus\quarkus-bootstrap-core\2.4.0.Final\quarkus-bootstrap-core-2.4.0.Final.jar;C:\Users\jotia\.m2\repository\io\quarkus\quarkus-bootstrap-app-model\2.4.0.Final\quarkus-bootstrap-app-model-2.4.0.Final.jar;C:\Users\jotia\.m2\repository\io\quarkus\quarkus-bootstrap-maven-resolver\2.4.0.Final\quarkus-bootstrap-maven-resolver-2.4.0.Final.jar;C:\Users\jotia\.m2\repository\org\apache\maven\maven-embedder\3.8.1\maven-embedder-3.8.1.jar;C:\Users\jotia\.m2\repository\org\apache\maven\maven-settings\3.8.1\maven-settings-3.8.1.jar;C:\Users\jotia\.m2\repository\org\apache\maven\maven-core\3.8.1\maven-core-3.8.1.jar;C:\Users\jotia\.m2\repository\org\apache\maven\maven-artifact\3.8.1\maven-artifact-3.8.1.jar;C:\Users\jotia\.m2\repository\org\codehaus\plexus\plexus-component-annotations\2.1.0\plexus-component-annotations-2.1.0.jar;C:\Users\jotia\.m2\repository\org\apache\maven\maven-plugin-api\3.8.1\maven-plugin-api-3.8.1.jar;C:\Users\jotia\.m2\repository\org\apache\maven\maven-model\3.8.1\maven-model-3.8.1.jar;C:\Users\jotia\.m2\repository\org\apache\maven\maven-model-builder\3.8.1\maven-model-builder-3.8.1.jar;C:\Users\jotia\.m2\repository\org\apache\maven\maven-builder-support\3.8.1\maven-builder-support-3.8.1.jar;C:\Users\jotia\.m2\repository\org\apache\maven\resolver\maven-resolver-api\1.6.2\maven-resolver-api-1.6.2.jar;C:\Users\jotia\.m2\repository\org\apache\maven\resolver\maven-resolver-util\1.6.2\maven-resolver-util-1.6.2.jar;C:\Users\jotia\.m2\repository\org\apache\maven\shared\maven-shared-utils\3.3.3\maven-shared-utils-3.3.3.jar;C:\Users\jotia\.m2\repository\commons-io\commons-io\2.11.0\commons-io-2.11.0.jar;C:\Users\jotia\.m2\repository\com\google\inject\guice\4.2.1\guice-4.2.1-no_aop.jar;C:\Users\jotia\.m2\repository\com\google\guava\guava\30.1.1-jre\guava-30.1.1-jre.jar;C:\Users\jotia\.m2\repository\com\google\guava\failureaccess\1.0.1\failureaccess-1.0.1.jar;C:\Users\jotia\.m2\repository\com\google\guava\listenablefuture\9999.0-empty-to-avoid-conflict-with-guava\listenablefuture-9999.0-empty-to-avoid-conflict-with-guava.jar;C:\Users\jotia\.m2\repository\org\codehaus\plexus\plexus-utils\3.2.1\plexus-utils-3.2.1.jar;C:\Users\jotia\.m2\repository\org\codehaus\plexus\plexus-classworlds\2.6.0\plexus-classworlds-2.6.0.jar;C:\Users\jotia\.m2\repository\commons-cli\commons-cli\1.4\commons-cli-1.4.jar;C:\Users\jotia\.m2\repository\org\eclipse\sisu\org.eclipse.sisu.plexus\0.3.4\org.eclipse.sisu.plexus-0.3.4.jar;C:\Users\jotia\.m2\repository\org\apache\maven\maven-settings-builder\3.8.1\maven-settings-builder-3.8.1.jar;C:\Users\jotia\.m2\repository\org\codehaus\plexus\plexus-interpolation\1.25\plexus-interpolation-1.25.jar;C:\Users\jotia\.m2\repository\org\sonatype\plexus\plexus-sec-dispatcher\1.4\plexus-sec-dispatcher-1.4.jar;C:\Users\jotia\.m2\repository\org\sonatype\plexus\plexus-cipher\1.4\plexus-cipher-1.4.jar;C:\Users\jotia\.m2\repository\org\apache\maven\maven-resolver-provider\3.8.1\maven-resolver-provider-3.8.1.jar;C:\Users\jotia\.m2\repository\org\apache\maven\maven-repository-metadata\3.8.1\maven-repository-metadata-3.8.1.jar;C:\Users\jotia\.m2\repository\org\apache\maven\resolver\maven-resolver-spi\1.6.2\maven-resolver-spi-1.6.2.jar;C:\Users\jotia\.m2\repository\org\apache\maven\resolver\maven-resolver-impl\1.6.2\maven-resolver-impl-1.6.2.jar;C:\Users\jotia\.m2\repository\org\apache\maven\resolver\maven-resolver-connector-basic\1.6.2\maven-resolver-connector-basic-1.6.2.jar;C:\Users\jotia\.m2\repository\org\apache\maven\resolver\maven-resolver-transport-wagon\1.6.2\maven-resolver-transport-wagon-1.6.2.jar;C:\Users\jotia\.m2\repository\org\apache\maven\wagon\wagon-http\3.4.3\wagon-http-3.4.3.jar;C:\Users\jotia\.m2\repository\org\apache\maven\wagon\wagon-http-shared\3.4.3\wagon-http-shared-3.4.3.jar;C:\Users\jotia\.m2\repository\org\jsoup\jsoup\1.12.1\jsoup-1.12.1.jar;C:\Users\jotia\.m2\repository\org\apache\maven\wagon\wagon-provider-api\3.4.3\wagon-provider-api-3.4.3.jar;C:\Users\jotia\.m2\repository\org\apache\maven\wagon\wagon-file\3.4.3\wagon-file-3.4.3.jar;C:\Users\jotia\.m2\repository\io\quarkus\quarkus-bootstrap-gradle-resolver\2.4.0.Final\quarkus-bootstrap-gradle-resolver-2.4.0.Final.jar;C:\Users\jotia\.m2\repository\io\smallrye\common\smallrye-common-io\1.6.0\smallrye-common-io-1.6.0.jar;C:\Users\jotia\.m2\repository\org\eclipse\sisu\org.eclipse.sisu.inject\0.3.4\org.eclipse.sisu.inject-0.3.4.jar;C:\Users\jotia\.m2\repository\io\quarkus\quarkus-test-common\2.4.0.Final\quarkus-test-common-2.4.0.Final.jar;C:\Users\jotia\.m2\repository\io\quarkus\quarkus-core-deployment\2.4.0.Final\quarkus-core-deployment-2.4.0.Final.jar;C:\Users\jotia\.m2\repository\org\aesh\readline\2.1\readline-2.1.jar;C:\Users\jotia\.m2\repository\org\fusesource\jansi\jansi\1.18\jansi-1.18.jar;C:\Users\jotia\.m2\repository\io\quarkus\gizmo\gizmo\1.0.9.Final\gizmo-1.0.9.Final.jar;C:\Users\jotia\.m2\repository\org\ow2\asm\asm-util\9.1\asm-util-9.1.jar;C:\Users\jotia\.m2\repository\org\ow2\asm\asm\9.2\asm-9.2.jar;C:\Users\jotia\.m2\repository\org\ow2\asm\asm-commons\9.2\asm-commons-9.2.jar;C:\Users\jotia\.m2\repository\org\ow2\asm\asm-tree\9.2\asm-tree-9.2.jar;C:\Users\jotia\.m2\repository\org\ow2\asm\asm-analysis\9.2\asm-analysis-9.2.jar;C:\Users\jotia\.m2\repository\io\quarkus\quarkus-class-change-agent\2.4.0.Final\quarkus-class-change-agent-2.4.0.Final.jar;C:\Users\jotia\.m2\repository\io\quarkus\quarkus-devtools-utilities\2.4.0.Final\quarkus-devtools-utilities-2.4.0.Final.jar;C:\Users\jotia\.m2\repository\io\quarkus\quarkus-builder\2.4.0.Final\quarkus-builder-2.4.0.Final.jar;C:\Users\jotia\.m2\repository\org\junit\platform\junit-platform-launcher\1.8.1\junit-platform-launcher-1.8.1.jar;C:\Users\jotia\.m2\repository\io\quarkus\quarkus-jsonp-deployment\2.4.0.Final\quarkus-jsonp-deployment-2.4.0.Final.jar;C:\Users\jotia\.m2\repository\io\quarkus\quarkus-jsonp\2.4.0.Final\quarkus-jsonp-2.4.0.Final.jar;C:\Users\jotia\.m2\repository\org\glassfish\jakarta.json\1.1.6\jakarta.json-1.1.6.jar;C:\Users\jotia\.m2\repository\org\jboss\jandex\2.4.1.Final\jandex-2.4.1.Final.jar;C:\Users\jotia\.m2\repository\org\jboss\logging\commons-logging-jboss-logging\1.0.0.Final\commons-logging-jboss-logging-1.0.0.Final.jar;C:\Users\jotia\.m2\repository\org\junit\jupiter\junit-jupiter\5.8.1\junit-jupiter-5.8.1.jar;C:\Users\jotia\.m2\repository\org\junit\jupiter\junit-jupiter-api\5.8.1\junit-jupiter-api-5.8.1.jar;C:\Users\jotia\.m2\repository\org\opentest4j\opentest4j\1.2.0\opentest4j-1.2.0.jar;C:\Users\jotia\.m2\repository\org\junit\platform\junit-platform-commons\1.8.1\junit-platform-commons-1.8.1.jar;C:\Users\jotia\.m2\repository\org\apiguardian\apiguardian-api\1.1.2\apiguardian-api-1.1.2.jar;C:\Users\jotia\.m2\repository\org\junit\jupiter\junit-jupiter-params\5.8.1\junit-jupiter-params-5.8.1.jar;C:\Users\jotia\.m2\repository\org\junit\jupiter\junit-jupiter-engine\5.8.1\junit-jupiter-engine-5.8.1.jar;C:\Users\jotia\.m2\repository\org\junit\platform\junit-platform-engine\1.8.1\junit-platform-engine-1.8.1.jar;C:\Users\jotia\.m2\repository\com\thoughtworks\xstream\xstream\1.4.18\xstream-1.4.18.jar;C:\Users\jotia\.m2\repository\io\github\x-stream\mxparser\1.2.2\mxparser-1.2.2.jar;C:\Users\jotia\.m2\repository\xmlpull\xmlpull\1.1.3.1\xmlpull-1.1.3.1.jar;C:\Users\jotia\.m2\repository\io\rest-assured\rest-assured\4.4.0\rest-assured-4.4.0.jar;C:\Users\jotia\.m2\repository\org\codehaus\groovy\groovy\3.0.8\groovy-3.0.8.jar;C:\Users\jotia\.m2\repository\org\codehaus\groovy\groovy-xml\3.0.8\groovy-xml-3.0.8.jar;C:\Users\jotia\.m2\repository\org\apache\httpcomponents\httpclient\4.5.13\httpclient-4.5.13.jar;C:\Users\jotia\.m2\repository\org\apache\httpcomponents\httpcore\4.4.14\httpcore-4.4.14.jar;C:\Users\jotia\.m2\repository\commons-codec\commons-codec\1.15\commons-codec-1.15.jar;C:\Users\jotia\.m2\repository\org\apache\httpcomponents\httpmime\4.5.13\httpmime-4.5.13.jar;C:\Users\jotia\.m2\repository\org\hamcrest\hamcrest\2.1\hamcrest-2.1.jar;C:\Users\jotia\.m2\repository\org\ccil\cowan\tagsoup\tagsoup\1.2.1\tagsoup-1.2.1.jar;C:\Users\jotia\.m2\repository\io\rest-assured\json-path\4.4.0\json-path-4.4.0.jar;C:\Users\jotia\.m2\repository\org\codehaus\groovy\groovy-json\3.0.8\groovy-json-3.0.8.jar;C:\Users\jotia\.m2\repository\io\rest-assured\rest-assured-common\4.4.0\rest-assured-common-4.4.0.jar;C:\Users\jotia\.m2\repository\io\rest-assured\xml-path\4.4.0\xml-path-4.4.0.jar;C:\Users\jotia\.m2\repository\org\apache\commons\commons-lang3\3.12.0\commons-lang3-3.12.0.jar;C:\Users\jotia\.m2\repository\jakarta\xml\bind\jakarta.xml.bind-api\2.3.3\jakarta.xml.bind-api-2.3.3.jar;C:\Users\jotia\.m2\repository\com\sun\xml\bind\jaxb-impl\2.3.3\jaxb-impl-2.3.3.jar;C:\Users\jotia\.m2\repository\javax\persistence\persistence-api\1.0.2\persistence-api-1.0.2.jar;C:\Users\jotia\.m2\repository\io\quarkus\quarkus-hibernate-orm\2.4.0.Final\quarkus-hibernate-orm-2.4.0.Final.jar;C:\Users\jotia\.m2\repository\io\quarkus\quarkus-agroal\2.4.0.Final\quarkus-agroal-2.4.0.Final.jar;C:\Users\jotia\.m2\repository\io\quarkus\quarkus-datasource\2.4.0.Final\quarkus-datasource-2.4.0.Final.jar;C:\Users\jotia\.m2\repository\io\quarkus\quarkus-datasource-common\2.4.0.Final\quarkus-datasource-common-2.4.0.Final.jar;C:\Users\jotia\.m2\repository\org\jboss\narayana\jta\narayana-jta\5.12.0.Final\narayana-jta-5.12.0.Final.jar;C:\Users\jotia\.m2\repository\org\jboss\jboss-transaction-spi\7.6.0.Final\jboss-transaction-spi-7.6.0.Final.jar;C:\Users\jotia\.m2\repository\org\jboss\spec\javax\resource\jboss-connector-api_1.7_spec\1.0.0.Final\jboss-connector-api_1.7_spec-1.0.0.Final.jar;C:\Users\jotia\.m2\repository\org\jboss\narayana\jts\narayana-jts-integration\5.12.0.Final\narayana-jts-integration-5.12.0.Final.jar;C:\Users\jotia\.m2\repository\io\agroal\agroal-api\1.12\agroal-api-1.12.jar;C:\Users\jotia\.m2\repository\io\agroal\agroal-narayana\1.12\agroal-narayana-1.12.jar;C:\Users\jotia\.m2\repository\io\agroal\agroal-pool\1.12\agroal-pool-1.12.jar;C:\Users\jotia\.m2\repository\io\quarkus\quarkus-credentials\2.4.0.Final\quarkus-credentials-2.4.0.Final.jar;C:\Users\jotia\.m2\repository\io\quarkus\quarkus-narayana-jta\2.4.0.Final\quarkus-narayana-jta-2.4.0.Final.jar;C:\Users\jotia\.m2\repository\io\smallrye\smallrye-context-propagation-jta\1.2.2\smallrye-context-propagation-jta-1.2.2.jar;C:\Users\jotia\.m2\repository\io\smallrye\reactive\smallrye-reactive-converter-api\2.6.0\smallrye-reactive-converter-api-2.6.0.jar;C:\Users\jotia\.m2\repository\org\reactivestreams\reactive-streams\1.0.3\reactive-streams-1.0.3.jar;C:\Users\jotia\.m2\repository\io\smallrye\reactive\smallrye-reactive-converter-mutiny\2.6.0\smallrye-reactive-converter-mutiny-2.6.0.jar;C:\Users\jotia\.m2\repository\org\hibernate\hibernate-core\5.6.0.Final\hibernate-core-5.6.0.Final.jar;C:\Users\jotia\.m2\repository\net\bytebuddy\byte-buddy\1.11.20\byte-buddy-1.11.20.jar;C:\Users\jotia\.m2\repository\antlr\antlr\2.7.7\antlr-2.7.7.jar;C:\Users\jotia\.m2\repository\com\fasterxml\classmate\1.5.1\classmate-1.5.1.jar;C:\Users\jotia\.m2\repository\org\hibernate\common\hibernate-commons-annotations\5.1.2.Final\hibernate-commons-annotations-5.1.2.Final.jar;C:\Users\jotia\.m2\repository\org\hibernate\hibernate-graalvm\5.6.0.Final\hibernate-graalvm-5.6.0.Final.jar;C:\Users\jotia\.m2\repository\org\glassfish\jaxb\jaxb-runtime\2.3.3-b02\jaxb-runtime-2.3.3-b02.jar;C:\Users\jotia\.m2\repository\org\glassfish\jaxb\txw2\2.3.3-b02\txw2-2.3.3-b02.jar;C:\Users\jotia\.m2\repository\com\sun\istack\istack-commons-runtime\3.0.10\istack-commons-runtime-3.0.10.jar;C:\Users\jotia\.m2\repository\com\sun\activation\jakarta.activation\1.2.1\jakarta.activation-1.2.1.jar;C:\Users\jotia\.m2\repository\org\jboss\spec\javax\xml\bind\jboss-jaxb-api_2.3_spec\2.0.0.Final\jboss-jaxb-api_2.3_spec-2.0.0.Final.jar;C:\Users\jotia\.m2\repository\jakarta\persistence\jakarta.persistence-api\2.2.3\jakarta.persistence-api-2.2.3.jar;C:\Users\jotia\.m2\repository\jakarta\transaction\jakarta.transaction-api\1.3.3\jakarta.transaction-api-1.3.3.jar;C:\Users\jotia\.m2\repository\org\hibernate\quarkus-local-cache\0.1.0\quarkus-local-cache-0.1.0.jar;C:\Users\jotia\.m2\repository\com\github\ben-manes\caffeine\caffeine\2.9.2\caffeine-2.9.2.jar;C:\Users\jotia\.m2\repository\com\google\errorprone\error_prone_annotations\2.2.0\error_prone_annotations-2.2.0.jar;C:\Users\jotia\.m2\repository\io\quarkus\quarkus-caffeine\2.4.0.Final\quarkus-caffeine-2.4.0.Final.jar;C:\Users\jotia\.m2\repository\io\quarkus\quarkus-jdbc-mysql\2.4.0.Final\quarkus-jdbc-mysql-2.4.0.Final.jar;C:\Users\jotia\.m2\repository\mysql\mysql-connector-java\8.0.26\mysql-connector-java-8.0.26.jar;"/>
    <property name="java.vm.vendor" value="Oracle Corporation"/>
    <property name="sun.arch.data.model" value="64"/>
    <property name="user.variant" value=""/>
    <property name="java.vendor.url" value="https://java.oracle.com/"/>
    <property name="user.timezone" value="Europe/Tirane"/>
    <property name="os.name" value="Windows 10"/>
    <property name="java.vm.specification.version" value="16"/>
    <property name="sun.java.launcher" value="SUN_STANDARD"/>
    <property name="user.country" value="US"/>
    <property name="sun.boot.library.path" value="C:\Program Files\Java\jdk-16.0.2\bin"/>
    <property name="sun.java.command" value="C:\Users\jotia\AppData\Local\Temp\surefire16994392045489084053\surefirebooter3820725146627810988.jar C:\Users\jotia\AppData\Local\Temp\surefire16994392045489084053 2021-12-01T01-10-06_623-jvmRun1 surefire951172707013148807tmp surefire_016459239542925517995tmp"/>
    <property name="maven.home" value="C:\Program Files\maven\apache-maven-3.8.2"/>
    <property name="jdk.debug" value="release"/>
    <property name="surefire.test.class.path" value="C:\Users\jotia\Desktop\M1 MIAGE\INF2\bank-sub-system\loan-master\target\test-classes;C:\Users\jotia\Desktop\M1 MIAGE\INF2\bank-sub-system\loan-master\target\classes;C:\Users\jotia\.m2\repository\io\quarkus\quarkus-arc\2.4.0.Final\quarkus-arc-2.4.0.Final.jar;C:\Users\jotia\.m2\repository\io\quarkus\arc\arc\2.4.0.Final\arc-2.4.0.Final.jar;C:\Users\jotia\.m2\repository\jakarta\enterprise\jakarta.enterprise.cdi-api\2.0.2\jakarta.enterprise.cdi-api-2.0.2.jar;C:\Users\jotia\.m2\repository\jakarta\el\jakarta.el-api\3.0.3\jakarta.el-api-3.0.3.jar;C:\Users\jotia\.m2\repository\jakarta\interceptor\jakarta.interceptor-api\1.2.5\jakarta.interceptor-api-1.2.5.jar;C:\Users\jotia\.m2\repository\jakarta\annotation\jakarta.annotation-api\1.3.5\jakarta.annotation-api-1.3.5.jar;C:\Users\jotia\.m2\repository\org\jboss\logging\jboss-logging\3.4.2.Final\jboss-logging-3.4.2.Final.jar;C:\Users\jotia\.m2\repository\io\quarkus\quarkus-core\2.4.0.Final\quarkus-core-2.4.0.Final.jar;C:\Users\jotia\.m2\repository\jakarta\inject\jakarta.inject-api\1.0\jakarta.inject-api-1.0.jar;C:\Users\jotia\.m2\repository\io\quarkus\quarkus-ide-launcher\2.4.0.Final\quarkus-ide-launcher-2.4.0.Final.jar;C:\Users\jotia\.m2\repository\io\quarkus\quarkus-development-mode-spi\2.4.0.Final\quarkus-development-mode-spi-2.4.0.Final.jar;C:\Users\jotia\.m2\repository\io\smallrye\config\smallrye-config\2.5.1\smallrye-config-2.5.1.jar;C:\Users\jotia\.m2\repository\io\smallrye\config\smallrye-config-core\2.5.1\smallrye-config-core-2.5.1.jar;C:\Users\jotia\.m2\repository\org\eclipse\microprofile\config\microprofile-config-api\2.0\microprofile-config-api-2.0.jar;C:\Users\jotia\.m2\repository\io\smallrye\common\smallrye-common-expression\1.6.0\smallrye-common-expression-1.6.0.jar;C:\Users\jotia\.m2\repository\io\smallrye\common\smallrye-common-function\1.6.0\smallrye-common-function-1.6.0.jar;C:\Users\jotia\.m2\repository\io\smallrye\common\smallrye-common-constraint\1.6.0\smallrye-common-constraint-1.6.0.jar;C:\Users\jotia\.m2\repository\io\smallrye\common\smallrye-common-classloader\1.6.0\smallrye-common-classloader-1.6.0.jar;C:\Users\jotia\.m2\repository\io\smallrye\config\smallrye-config-common\2.5.1\smallrye-config-common-2.5.1.jar;C:\Users\jotia\.m2\repository\org\jboss\logmanager\jboss-logmanager-embedded\1.0.9\jboss-logmanager-embedded-1.0.9.jar;C:\Users\jotia\.m2\repository\org\jboss\logging\jboss-logging-annotations\2.2.1.Final\jboss-logging-annotations-2.2.1.Final.jar;C:\Users\jotia\.m2\repository\org\jboss\threads\jboss-threads\3.4.2.Final\jboss-threads-3.4.2.Final.jar;C:\Users\jotia\.m2\repository\org\slf4j\slf4j-api\1.7.30\slf4j-api-1.7.30.jar;C:\Users\jotia\.m2\repository\org\jboss\slf4j\slf4j-jboss-logmanager\1.1.0.Final\slf4j-jboss-logmanager-1.1.0.Final.jar;C:\Users\jotia\.m2\repository\org\graalvm\sdk\graal-sdk\21.2.0\graal-sdk-21.2.0.jar;C:\Users\jotia\.m2\repository\org\wildfly\common\wildfly-common\1.5.4.Final-format-001\wildfly-common-1.5.4.Final-format-001.jar;C:\Users\jotia\.m2\repository\io\quarkus\quarkus-bootstrap-runner\2.4.0.Final\quarkus-bootstrap-runner-2.4.0.Final.jar;C:\Users\jotia\.m2\repository\org\eclipse\microprofile\context-propagation\microprofile-context-propagation-api\1.2\microprofile-context-propagation-api-1.2.jar;C:\Users\jotia\.m2\repository\io\quarkus\quarkus-resteasy\2.4.0.Final\quarkus-resteasy-2.4.0.Final.jar;C:\Users\jotia\.m2\repository\io\quarkus\quarkus-vertx-http\2.4.0.Final\quarkus-vertx-http-2.4.0.Final.jar;C:\Users\jotia\.m2\repository\io\quarkus\quarkus-security-runtime-spi\2.4.0.Final\quarkus-security-runtime-spi-2.4.0.Final.jar;C:\Users\jotia\.m2\repository\io\quarkus\quarkus-mutiny\2.4.0.Final\quarkus-mutiny-2.4.0.Final.jar;C:\Users\jotia\.m2\repository\io\smallrye\reactive\mutiny\1.1.2\mutiny-1.1.2.jar;C:\Users\jotia\.m2\repository\io\quarkus\quarkus-smallrye-context-propagation\2.4.0.Final\quarkus-smallrye-context-propagation-2.4.0.Final.jar;C:\Users\jotia\.m2\repository\io\smallrye\smallrye-context-propagation\1.2.2\smallrye-context-propagation-1.2.2.jar;C:\Users\jotia\.m2\repository\io\smallrye\smallrye-context-propagation-api\1.2.2\smallrye-context-propagation-api-1.2.2.jar;C:\Users\jotia\.m2\repository\io\smallrye\smallrye-context-propagation-storage\1.2.2\smallrye-context-propagation-storage-1.2.2.jar;C:\Users\jotia\.m2\repository\io\smallrye\reactive\mutiny-smallrye-context-propagation\1.1.2\mutiny-smallrye-context-propagation-1.1.2.jar;C:\Users\jotia\.m2\repository\io\quarkus\quarkus-vertx-http-dev-console-runtime-spi\2.4.0.Final\quarkus-vertx-http-dev-console-runtime-spi-2.4.0.Final.jar;C:\Users\jotia\.m2\repository\io\quarkus\security\quarkus-security\1.1.4.Final\quarkus-security-1.1.4.Final.jar;C:\Users\jotia\.m2\repository\io\quarkus\quarkus-vertx\2.4.0.Final\quarkus-vertx-2.4.0.Final.jar;C:\Users\jotia\.m2\repository\io\quarkus\quarkus-netty\2.4.0.Final\quarkus-netty-2.4.0.Final.jar;C:\Users\jotia\.m2\repository\io\netty\netty-codec\4.1.68.Final\netty-codec-4.1.68.Final.jar;C:\Users\jotia\.m2\repository\io\netty\netty-codec-http\4.1.68.Final\netty-codec-http-4.1.68.Final.jar;C:\Users\jotia\.m2\repository\io\netty\netty-codec-http2\4.1.68.Final\netty-codec-http2-4.1.68.Final.jar;C:\Users\jotia\.m2\repository\io\netty\netty-handler\4.1.68.Final\netty-handler-4.1.68.Final.jar;C:\Users\jotia\.m2\repository\io\netty\netty-codec-haproxy\4.1.68.Final\netty-codec-haproxy-4.1.68.Final.jar;C:\Users\jotia\.m2\repository\io\netty\netty-buffer\4.1.68.Final\netty-buffer-4.1.68.Final.jar;C:\Users\jotia\.m2\repository\io\netty\netty-transport\4.1.68.Final\netty-transport-4.1.68.Final.jar;C:\Users\jotia\.m2\repository\io\quarkus\quarkus-jackson\2.4.0.Final\quarkus-jackson-2.4.0.Final.jar;C:\Users\jotia\.m2\repository\com\fasterxml\jackson\core\jackson-databind\2.12.5\jackson-databind-2.12.5.jar;C:\Users\jotia\.m2\repository\com\fasterxml\jackson\core\jackson-annotations\2.12.5\jackson-annotations-2.12.5.jar;C:\Users\jotia\.m2\repository\com\fasterxml\jackson\datatype\jackson-datatype-jsr310\2.12.5\jackson-datatype-jsr310-2.12.5.jar;C:\Users\jotia\.m2\repository\com\fasterxml\jackson\datatype\jackson-datatype-jdk8\2.12.5\jackson-datatype-jdk8-2.12.5.jar;C:\Users\jotia\.m2\repository\com\fasterxml\jackson\module\jackson-module-parameter-names\2.12.5\jackson-module-parameter-names-2.12.5.jar;C:\Users\jotia\.m2\repository\io\smallrye\common\smallrye-common-annotation\1.6.0\smallrye-common-annotation-1.6.0.jar;C:\Users\jotia\.m2\repository\io\smallrye\reactive\smallrye-mutiny-vertx-core\2.14.1\smallrye-mutiny-vertx-core-2.14.1.jar;C:\Users\jotia\.m2\repository\io\smallrye\reactive\smallrye-mutiny-vertx-runtime\2.14.1\smallrye-mutiny-vertx-runtime-2.14.1.jar;C:\Users\jotia\.m2\repository\io\smallrye\reactive\vertx-mutiny-generator\2.14.1\vertx-mutiny-generator-2.14.1.jar;C:\Users\jotia\.m2\repository\io\vertx\vertx-codegen\4.1.5\vertx-codegen-4.1.5.jar;C:\Users\jotia\.m2\repository\io\smallrye\smallrye-fault-tolerance-vertx\5.2.1\smallrye-fault-tolerance-vertx-5.2.1.jar;C:\Users\jotia\.m2\repository\io\smallrye\reactive\smallrye-mutiny-vertx-web\2.14.1\smallrye-mutiny-vertx-web-2.14.1.jar;C:\Users\jotia\.m2\repository\io\smallrye\reactive\smallrye-mutiny-vertx-web-common\2.14.1\smallrye-mutiny-vertx-web-common-2.14.1.jar;C:\Users\jotia\.m2\repository\io\smallrye\reactive\smallrye-mutiny-vertx-auth-common\2.14.1\smallrye-mutiny-vertx-auth-common-2.14.1.jar;C:\Users\jotia\.m2\repository\io\smallrye\reactive\smallrye-mutiny-vertx-bridge-common\2.14.1\smallrye-mutiny-vertx-bridge-common-2.14.1.jar;C:\Users\jotia\.m2\repository\io\vertx\vertx-web\4.1.5\vertx-web-4.1.5.jar;C:\Users\jotia\.m2\repository\io\vertx\vertx-web-common\4.1.5\vertx-web-common-4.1.5.jar;C:\Users\jotia\.m2\repository\io\vertx\vertx-auth-common\4.1.5\vertx-auth-common-4.1.5.jar;C:\Users\jotia\.m2\repository\io\vertx\vertx-bridge-common\4.1.5\vertx-bridge-common-4.1.5.jar;C:\Users\jotia\.m2\repository\io\vertx\vertx-core\4.1.5\vertx-core-4.1.5.jar;C:\Users\jotia\.m2\repository\io\netty\netty-common\4.1.68.Final\netty-common-4.1.68.Final.jar;C:\Users\jotia\.m2\repository\io\netty\netty-handler-proxy\4.1.68.Final\netty-handler-proxy-4.1.68.Final.jar;C:\Users\jotia\.m2\repository\io\netty\netty-codec-socks\4.1.68.Final\netty-codec-socks-4.1.68.Final.jar;C:\Users\jotia\.m2\repository\io\netty\netty-resolver\4.1.68.Final\netty-resolver-4.1.68.Final.jar;C:\Users\jotia\.m2\repository\io\netty\netty-resolver-dns\4.1.68.Final\netty-resolver-dns-4.1.68.Final.jar;C:\Users\jotia\.m2\repository\io\netty\netty-codec-dns\4.1.68.Final\netty-codec-dns-4.1.68.Final.jar;C:\Users\jotia\.m2\repository\com\fasterxml\jackson\core\jackson-core\2.12.5\jackson-core-2.12.5.jar;C:\Users\jotia\.m2\repository\io\quarkus\quarkus-resteasy-server-common\2.4.0.Final\quarkus-resteasy-server-common-2.4.0.Final.jar;C:\Users\jotia\.m2\repository\io\quarkus\quarkus-resteasy-common\2.4.0.Final\quarkus-resteasy-common-2.4.0.Final.jar;C:\Users\jotia\.m2\repository\org\jboss\resteasy\resteasy-core\4.7.0.Final\resteasy-core-4.7.0.Final.jar;C:\Users\jotia\.m2\repository\org\jboss\spec\javax\ws\rs\jboss-jaxrs-api_2.1_spec\2.0.1.Final\jboss-jaxrs-api_2.1_spec-2.0.1.Final.jar;C:\Users\jotia\.m2\repository\org\jboss\resteasy\resteasy-core-spi\4.7.0.Final\resteasy-core-spi-4.7.0.Final.jar;C:\Users\jotia\.m2\repository\com\ibm\async\asyncutil\0.1.0\asyncutil-0.1.0.jar;C:\Users\jotia\.m2\repository\jakarta\validation\jakarta.validation-api\2.0.2\jakarta.validation-api-2.0.2.jar;C:\Users\jotia\.m2\repository\io\quarkus\quarkus-junit5\2.4.0.Final\quarkus-junit5-2.4.0.Final.jar;C:\Users\jotia\.m2\repository\io\quarkus\quarkus-bootstrap-core\2.4.0.Final\quarkus-bootstrap-core-2.4.0.Final.jar;C:\Users\jotia\.m2\repository\io\quarkus\quarkus-bootstrap-app-model\2.4.0.Final\quarkus-bootstrap-app-model-2.4.0.Final.jar;C:\Users\jotia\.m2\repository\io\quarkus\quarkus-bootstrap-maven-resolver\2.4.0.Final\quarkus-bootstrap-maven-resolver-2.4.0.Final.jar;C:\Users\jotia\.m2\repository\org\apache\maven\maven-embedder\3.8.1\maven-embedder-3.8.1.jar;C:\Users\jotia\.m2\repository\org\apache\maven\maven-settings\3.8.1\maven-settings-3.8.1.jar;C:\Users\jotia\.m2\repository\org\apache\maven\maven-core\3.8.1\maven-core-3.8.1.jar;C:\Users\jotia\.m2\repository\org\apache\maven\maven-artifact\3.8.1\maven-artifact-3.8.1.jar;C:\Users\jotia\.m2\repository\org\codehaus\plexus\plexus-component-annotations\2.1.0\plexus-component-annotations-2.1.0.jar;C:\Users\jotia\.m2\repository\org\apache\maven\maven-plugin-api\3.8.1\maven-plugin-api-3.8.1.jar;C:\Users\jotia\.m2\repository\org\apache\maven\maven-model\3.8.1\maven-model-3.8.1.jar;C:\Users\jotia\.m2\repository\org\apache\maven\maven-model-builder\3.8.1\maven-model-builder-3.8.1.jar;C:\Users\jotia\.m2\repository\org\apache\maven\maven-builder-support\3.8.1\maven-builder-support-3.8.1.jar;C:\Users\jotia\.m2\repository\org\apache\maven\resolver\maven-resolver-api\1.6.2\maven-resolver-api-1.6.2.jar;C:\Users\jotia\.m2\repository\org\apache\maven\resolver\maven-resolver-util\1.6.2\maven-resolver-util-1.6.2.jar;C:\Users\jotia\.m2\repository\org\apache\maven\shared\maven-shared-utils\3.3.3\maven-shared-utils-3.3.3.jar;C:\Users\jotia\.m2\repository\commons-io\commons-io\2.11.0\commons-io-2.11.0.jar;C:\Users\jotia\.m2\repository\com\google\inject\guice\4.2.1\guice-4.2.1-no_aop.jar;C:\Users\jotia\.m2\repository\com\google\guava\guava\30.1.1-jre\guava-30.1.1-jre.jar;C:\Users\jotia\.m2\repository\com\google\guava\failureaccess\1.0.1\failureaccess-1.0.1.jar;C:\Users\jotia\.m2\repository\com\google\guava\listenablefuture\9999.0-empty-to-avoid-conflict-with-guava\listenablefuture-9999.0-empty-to-avoid-conflict-with-guava.jar;C:\Users\jotia\.m2\repository\org\codehaus\plexus\plexus-utils\3.2.1\plexus-utils-3.2.1.jar;C:\Users\jotia\.m2\repository\org\codehaus\plexus\plexus-classworlds\2.6.0\plexus-classworlds-2.6.0.jar;C:\Users\jotia\.m2\repository\commons-cli\commons-cli\1.4\commons-cli-1.4.jar;C:\Users\jotia\.m2\repository\org\eclipse\sisu\org.eclipse.sisu.plexus\0.3.4\org.eclipse.sisu.plexus-0.3.4.jar;C:\Users\jotia\.m2\repository\org\apache\maven\maven-settings-builder\3.8.1\maven-settings-builder-3.8.1.jar;C:\Users\jotia\.m2\repository\org\codehaus\plexus\plexus-interpolation\1.25\plexus-interpolation-1.25.jar;C:\Users\jotia\.m2\repository\org\sonatype\plexus\plexus-sec-dispatcher\1.4\plexus-sec-dispatcher-1.4.jar;C:\Users\jotia\.m2\repository\org\sonatype\plexus\plexus-cipher\1.4\plexus-cipher-1.4.jar;C:\Users\jotia\.m2\repository\org\apache\maven\maven-resolver-provider\3.8.1\maven-resolver-provider-3.8.1.jar;C:\Users\jotia\.m2\repository\org\apache\maven\maven-repository-metadata\3.8.1\maven-repository-metadata-3.8.1.jar;C:\Users\jotia\.m2\repository\org\apache\maven\resolver\maven-resolver-spi\1.6.2\maven-resolver-spi-1.6.2.jar;C:\Users\jotia\.m2\repository\org\apache\maven\resolver\maven-resolver-impl\1.6.2\maven-resolver-impl-1.6.2.jar;C:\Users\jotia\.m2\repository\org\apache\maven\resolver\maven-resolver-connector-basic\1.6.2\maven-resolver-connector-basic-1.6.2.jar;C:\Users\jotia\.m2\repository\org\apache\maven\resolver\maven-resolver-transport-wagon\1.6.2\maven-resolver-transport-wagon-1.6.2.jar;C:\Users\jotia\.m2\repository\org\apache\maven\wagon\wagon-http\3.4.3\wagon-http-3.4.3.jar;C:\Users\jotia\.m2\repository\org\apache\maven\wagon\wagon-http-shared\3.4.3\wagon-http-shared-3.4.3.jar;C:\Users\jotia\.m2\repository\org\jsoup\jsoup\1.12.1\jsoup-1.12.1.jar;C:\Users\jotia\.m2\repository\org\apache\maven\wagon\wagon-provider-api\3.4.3\wagon-provider-api-3.4.3.jar;C:\Users\jotia\.m2\repository\org\apache\maven\wagon\wagon-file\3.4.3\wagon-file-3.4.3.jar;C:\Users\jotia\.m2\repository\io\quarkus\quarkus-bootstrap-gradle-resolver\2.4.0.Final\quarkus-bootstrap-gradle-resolver-2.4.0.Final.jar;C:\Users\jotia\.m2\repository\io\smallrye\common\smallrye-common-io\1.6.0\smallrye-common-io-1.6.0.jar;C:\Users\jotia\.m2\repository\org\eclipse\sisu\org.eclipse.sisu.inject\0.3.4\org.eclipse.sisu.inject-0.3.4.jar;C:\Users\jotia\.m2\repository\io\quarkus\quarkus-test-common\2.4.0.Final\quarkus-test-common-2.4.0.Final.jar;C:\Users\jotia\.m2\repository\io\quarkus\quarkus-core-deployment\2.4.0.Final\quarkus-core-deployment-2.4.0.Final.jar;C:\Users\jotia\.m2\repository\org\aesh\readline\2.1\readline-2.1.jar;C:\Users\jotia\.m2\repository\org\fusesource\jansi\jansi\1.18\jansi-1.18.jar;C:\Users\jotia\.m2\repository\io\quarkus\gizmo\gizmo\1.0.9.Final\gizmo-1.0.9.Final.jar;C:\Users\jotia\.m2\repository\org\ow2\asm\asm-util\9.1\asm-util-9.1.jar;C:\Users\jotia\.m2\repository\org\ow2\asm\asm\9.2\asm-9.2.jar;C:\Users\jotia\.m2\repository\org\ow2\asm\asm-commons\9.2\asm-commons-9.2.jar;C:\Users\jotia\.m2\repository\org\ow2\asm\asm-tree\9.2\asm-tree-9.2.jar;C:\Users\jotia\.m2\repository\org\ow2\asm\asm-analysis\9.2\asm-analysis-9.2.jar;C:\Users\jotia\.m2\repository\io\quarkus\quarkus-class-change-agent\2.4.0.Final\quarkus-class-change-agent-2.4.0.Final.jar;C:\Users\jotia\.m2\repository\io\quarkus\quarkus-devtools-utilities\2.4.0.Final\quarkus-devtools-utilities-2.4.0.Final.jar;C:\Users\jotia\.m2\repository\io\quarkus\quarkus-builder\2.4.0.Final\quarkus-builder-2.4.0.Final.jar;C:\Users\jotia\.m2\repository\org\junit\platform\junit-platform-launcher\1.8.1\junit-platform-launcher-1.8.1.jar;C:\Users\jotia\.m2\repository\io\quarkus\quarkus-jsonp-deployment\2.4.0.Final\quarkus-jsonp-deployment-2.4.0.Final.jar;C:\Users\jotia\.m2\repository\io\quarkus\quarkus-jsonp\2.4.0.Final\quarkus-jsonp-2.4.0.Final.jar;C:\Users\jotia\.m2\repository\org\glassfish\jakarta.json\1.1.6\jakarta.json-1.1.6.jar;C:\Users\jotia\.m2\repository\org\jboss\jandex\2.4.1.Final\jandex-2.4.1.Final.jar;C:\Users\jotia\.m2\repository\org\jboss\logging\commons-logging-jboss-logging\1.0.0.Final\commons-logging-jboss-logging-1.0.0.Final.jar;C:\Users\jotia\.m2\repository\org\junit\jupiter\junit-jupiter\5.8.1\junit-jupiter-5.8.1.jar;C:\Users\jotia\.m2\repository\org\junit\jupiter\junit-jupiter-api\5.8.1\junit-jupiter-api-5.8.1.jar;C:\Users\jotia\.m2\repository\org\opentest4j\opentest4j\1.2.0\opentest4j-1.2.0.jar;C:\Users\jotia\.m2\repository\org\junit\platform\junit-platform-commons\1.8.1\junit-platform-commons-1.8.1.jar;C:\Users\jotia\.m2\repository\org\apiguardian\apiguardian-api\1.1.2\apiguardian-api-1.1.2.jar;C:\Users\jotia\.m2\repository\org\junit\jupiter\junit-jupiter-params\5.8.1\junit-jupiter-params-5.8.1.jar;C:\Users\jotia\.m2\repository\org\junit\jupiter\junit-jupiter-engine\5.8.1\junit-jupiter-engine-5.8.1.jar;C:\Users\jotia\.m2\repository\org\junit\platform\junit-platform-engine\1.8.1\junit-platform-engine-1.8.1.jar;C:\Users\jotia\.m2\repository\com\thoughtworks\xstream\xstream\1.4.18\xstream-1.4.18.jar;C:\Users\jotia\.m2\repository\io\github\x-stream\mxparser\1.2.2\mxparser-1.2.2.jar;C:\Users\jotia\.m2\repository\xmlpull\xmlpull\1.1.3.1\xmlpull-1.1.3.1.jar;C:\Users\jotia\.m2\repository\io\rest-assured\rest-assured\4.4.0\rest-assured-4.4.0.jar;C:\Users\jotia\.m2\repository\org\codehaus\groovy\groovy\3.0.8\groovy-3.0.8.jar;C:\Users\jotia\.m2\repository\org\codehaus\groovy\groovy-xml\3.0.8\groovy-xml-3.0.8.jar;C:\Users\jotia\.m2\repository\org\apache\httpcomponents\httpclient\4.5.13\httpclient-4.5.13.jar;C:\Users\jotia\.m2\repository\org\apache\httpcomponents\httpcore\4.4.14\httpcore-4.4.14.jar;C:\Users\jotia\.m2\repository\commons-codec\commons-codec\1.15\commons-codec-1.15.jar;C:\Users\jotia\.m2\repository\org\apache\httpcomponents\httpmime\4.5.13\httpmime-4.5.13.jar;C:\Users\jotia\.m2\repository\org\hamcrest\hamcrest\2.1\hamcrest-2.1.jar;C:\Users\jotia\.m2\repository\org\ccil\cowan\tagsoup\tagsoup\1.2.1\tagsoup-1.2.1.jar;C:\Users\jotia\.m2\repository\io\rest-assured\json-path\4.4.0\json-path-4.4.0.jar;C:\Users\jotia\.m2\repository\org\codehaus\groovy\groovy-json\3.0.8\groovy-json-3.0.8.jar;C:\Users\jotia\.m2\repository\io\rest-assured\rest-assured-common\4.4.0\rest-assured-common-4.4.0.jar;C:\Users\jotia\.m2\repository\io\rest-assured\xml-path\4.4.0\xml-path-4.4.0.jar;C:\Users\jotia\.m2\repository\org\apache\commons\commons-lang3\3.12.0\commons-lang3-3.12.0.jar;C:\Users\jotia\.m2\repository\jakarta\xml\bind\jakarta.xml.bind-api\2.3.3\jakarta.xml.bind-api-2.3.3.jar;C:\Users\jotia\.m2\repository\com\sun\xml\bind\jaxb-impl\2.3.3\jaxb-impl-2.3.3.jar;C:\Users\jotia\.m2\repository\javax\persistence\persistence-api\1.0.2\persistence-api-1.0.2.jar;C:\Users\jotia\.m2\repository\io\quarkus\quarkus-hibernate-orm\2.4.0.Final\quarkus-hibernate-orm-2.4.0.Final.jar;C:\Users\jotia\.m2\repository\io\quarkus\quarkus-agroal\2.4.0.Final\quarkus-agroal-2.4.0.Final.jar;C:\Users\jotia\.m2\repository\io\quarkus\quarkus-datasource\2.4.0.Final\quarkus-datasource-2.4.0.Final.jar;C:\Users\jotia\.m2\repository\io\quarkus\quarkus-datasource-common\2.4.0.Final\quarkus-datasource-common-2.4.0.Final.jar;C:\Users\jotia\.m2\repository\org\jboss\narayana\jta\narayana-jta\5.12.0.Final\narayana-jta-5.12.0.Final.jar;C:\Users\jotia\.m2\repository\org\jboss\jboss-transaction-spi\7.6.0.Final\jboss-transaction-spi-7.6.0.Final.jar;C:\Users\jotia\.m2\repository\org\jboss\spec\javax\resource\jboss-connector-api_1.7_spec\1.0.0.Final\jboss-connector-api_1.7_spec-1.0.0.Final.jar;C:\Users\jotia\.m2\repository\org\jboss\narayana\jts\narayana-jts-integration\5.12.0.Final\narayana-jts-integration-5.12.0.Final.jar;C:\Users\jotia\.m2\repository\io\agroal\agroal-api\1.12\agroal-api-1.12.jar;C:\Users\jotia\.m2\repository\io\agroal\agroal-narayana\1.12\agroal-narayana-1.12.jar;C:\Users\jotia\.m2\repository\io\agroal\agroal-pool\1.12\agroal-pool-1.12.jar;C:\Users\jotia\.m2\repository\io\quarkus\quarkus-credentials\2.4.0.Final\quarkus-credentials-2.4.0.Final.jar;C:\Users\jotia\.m2\repository\io\quarkus\quarkus-narayana-jta\2.4.0.Final\quarkus-narayana-jta-2.4.0.Final.jar;C:\Users\jotia\.m2\repository\io\smallrye\smallrye-context-propagation-jta\1.2.2\smallrye-context-propagation-jta-1.2.2.jar;C:\Users\jotia\.m2\repository\io\smallrye\reactive\smallrye-reactive-converter-api\2.6.0\smallrye-reactive-converter-api-2.6.0.jar;C:\Users\jotia\.m2\repository\org\reactivestreams\reactive-streams\1.0.3\reactive-streams-1.0.3.jar;C:\Users\jotia\.m2\repository\io\smallrye\reactive\smallrye-reactive-converter-mutiny\2.6.0\smallrye-reactive-converter-mutiny-2.6.0.jar;C:\Users\jotia\.m2\repository\org\hibernate\hibernate-core\5.6.0.Final\hibernate-core-5.6.0.Final.jar;C:\Users\jotia\.m2\repository\net\bytebuddy\byte-buddy\1.11.20\byte-buddy-1.11.20.jar;C:\Users\jotia\.m2\repository\antlr\antlr\2.7.7\antlr-2.7.7.jar;C:\Users\jotia\.m2\repository\com\fasterxml\classmate\1.5.1\classmate-1.5.1.jar;C:\Users\jotia\.m2\repository\org\hibernate\common\hibernate-commons-annotations\5.1.2.Final\hibernate-commons-annotations-5.1.2.Final.jar;C:\Users\jotia\.m2\repository\org\hibernate\hibernate-graalvm\5.6.0.Final\hibernate-graalvm-5.6.0.Final.jar;C:\Users\jotia\.m2\repository\org\glassfish\jaxb\jaxb-runtime\2.3.3-b02\jaxb-runtime-2.3.3-b02.jar;C:\Users\jotia\.m2\repository\org\glassfish\jaxb\txw2\2.3.3-b02\txw2-2.3.3-b02.jar;C:\Users\jotia\.m2\repository\com\sun\istack\istack-commons-runtime\3.0.10\istack-commons-runtime-3.0.10.jar;C:\Users\jotia\.m2\repository\com\sun\activation\jakarta.activation\1.2.1\jakarta.activation-1.2.1.jar;C:\Users\jotia\.m2\repository\org\jboss\spec\javax\xml\bind\jboss-jaxb-api_2.3_spec\2.0.0.Final\jboss-jaxb-api_2.3_spec-2.0.0.Final.jar;C:\Users\jotia\.m2\repository\jakarta\persistence\jakarta.persistence-api\2.2.3\jakarta.persistence-api-2.2.3.jar;C:\Users\jotia\.m2\repository\jakarta\transaction\jakarta.transaction-api\1.3.3\jakarta.transaction-api-1.3.3.jar;C:\Users\jotia\.m2\repository\org\hibernate\quarkus-local-cache\0.1.0\quarkus-local-cache-0.1.0.jar;C:\Users\jotia\.m2\repository\com\github\ben-manes\caffeine\caffeine\2.9.2\caffeine-2.9.2.jar;C:\Users\jotia\.m2\repository\com\google\errorprone\error_prone_annotations\2.2.0\error_prone_annotations-2.2.0.jar;C:\Users\jotia\.m2\repository\io\quarkus\quarkus-caffeine\2.4.0.Final\quarkus-caffeine-2.4.0.Final.jar;C:\Users\jotia\.m2\repository\io\quarkus\quarkus-jdbc-mysql\2.4.0.Final\quarkus-jdbc-mysql-2.4.0.Final.jar;C:\Users\jotia\.m2\repository\mysql\mysql-connector-java\8.0.26\mysql-connector-java-8.0.26.jar;"/>
    <property name="sun.cpu.endian" value="little"/>
    <property name="user.home" value="C:\Users\jotia"/>
    <property name="user.language" value="en"/>
    <property name="java.specification.vendor" value="Oracle Corporation"/>
    <property name="io.netty.allocator.maxOrder" value="3"/>
    <property name="java.version.date" value="2021-07-20"/>
    <property name="java.home" value="C:\Program Files\Java\jdk-16.0.2"/>
    <property name="file.separator" value="\"/>
    <property name="basedir" value="C:\Users\jotia\Desktop\M1 MIAGE\INF2\bank-sub-system\loan-master"/>
    <property name="java.vm.compressedOopsMode" value="Zero based"/>
    <property name="line.separator" value="&#10;"/>
    <property name="java.vm.specification.vendor" value="Oracle Corporation"/>
    <property name="java.specification.name" value="Java Platform API Specification"/>
    <property name="surefire.real.class.path" value="C:\Users\jotia\AppData\Local\Temp\surefire16994392045489084053\surefirebooter3820725146627810988.jar"/>
    <property name="user.script" value=""/>
    <property name="sun.management.compiler" value="HotSpot 64-Bit Tiered Compilers"/>
    <property name="java.runtime.version" value="16.0.2+7-67"/>
    <property name="user.name" value="jotia"/>
    <property name="com.mysql.cj.disableAbandonedConnectionCleanup" value="true"/>
    <property name="path.separator" value=";"/>
    <property name="os.version" value="10.0"/>
    <property name="java.runtime.name" value="Java(TM) SE Runtime Environment"/>
    <property name="file.encoding" value="Cp1252"/>
    <property name="sun.nio.ch.bugLevel" value=""/>
    <property name="java.vm.name" value="Java HotSpot(TM) 64-Bit Server VM"/>
    <property name="localRepository" value="C:\Users\jotia\.m2\repository"/>
    <property name="java.vendor.url.bug" value="https://bugreport.java.com/bugreport/"/>
    <property name="java.io.tmpdir" value="C:\Users\jotia\AppData\Local\Temp\"/>
    <property name="quarkus.log.file.path" value="target\quarkus.log"/>
    <property name="java.version" value="16.0.2"/>
    <property name="java.util.concurrent.ForkJoinPool.common.threadFactory" value="io.quarkus.bootstrap.forkjoin.QuarkusForkJoinWorkerThreadFactory"/>
    <property name="user.dir" value="C:\Users\jotia\Desktop\M1 MIAGE\INF2\bank-sub-system\loan-master"/>
    <property name="os.arch" value="amd64"/>
    <property name="hibernate.bytecode.provider" value="none"/>
    <property name="java.vm.specification.name" value="Java Virtual Machine Specification"/>
    <property name="vertx.disableDnsResolver" value="true"/>
    <property name="sun.os.patch.level" value=""/>
    <property name="java.util.logging.manager" value="org.jboss.logmanager.LogManager"/>
    <property name="java.library.path" value="C:\Program Files\Java\jdk-16.0.2\bin;C:\WINDOWS\Sun\Java\bin;C:\WINDOWS\system32;C:\WINDOWS;C:\Program Files\Common Files\Oracle\Java\javapath;C:\Program Files\Microsoft MPI\Bin\;C:\Program Files (x86)\Common Files\Oracle\Java\javapath;C:\Program Files (x86)\Intel\Intel(R) Management Engine Components\iCLS\;C:\Program Files\Intel\Intel(R) Management Engine Components\iCLS\;C:\WINDOWS\system32;C:\WINDOWS;C:\WINDOWS\System32\Wbem;C:\WINDOWS\System32\WindowsPowerShell\v1.0\;C:\WINDOWS\System32\OpenSSH\;C:\Program Files (x86)\Intel\Intel(R) Management Engine Components\DAL;C:\Program Files\Intel\Intel(R) Management Engine Components\DAL;C:\Program Files\Intel\WiFi\bin\;C:\Program Files\Common Files\Intel\WirelessCommon\;C:\Program Files\Git\cmd;C:\Program Files\maven\apache-maven-3.8.2\bin;C:\Program Files\IBM\SPSS\Statistics\Subscription\JRE\bin;c:\Program Files (x86)\Microsoft SQL Server\100\Tools\Binn\;c:\Program Files (x86)\Microsoft SQL Server\100\DTS\Binn\;C:\Program Files\nodejs\;C:\Program Files (x86)\Microsoft SQL Server\150\DTS\Binn\;C:\Program Files\Microsoft SQL Server\Client SDK\ODBC\170\Tools\Binn\;C:\Program Files (x86)\Microsoft SQL Server\150\Tools\Binn\;C:\Program Files\Microsoft SQL Server\150\Tools\Binn\;C:\Program Files\Microsoft SQL Server\150\DTS\Binn\;C:\Program Files (x86)\Microsoft SQL Server\140\Tools\Binn\;C:\Program Files\Microsoft SQL Server\140\Tools\Binn\;C:\Program Files (x86)\Microsoft SQL Server\140\DTS\Binn\;C:\Program Files\Microsoft SQL Server\140\DTS\Binn\;C:\Program Files\Microsoft SQL Server\Client SDK\ODBC\130\Tools\Binn\;C:\Program Files\dotnet\;C:\Program Files\Microsoft SQL Server\130\Tools\Binn\;C:\Users\jotia\.jbang\bin;C:\Program Files\MySQL\MySQL Shell 8.0\bin\;C:\Program Files\JetBrains\WebStorm 2019.3.2\bin;;C:\Users\jotia\AppData\Roaming\npm;C:\Users\jotia\AppData\Local\Programs\Microsoft VS Code\bin;C:\Users\jotia\.dotnet\tools;C:\Users\jotia\AppData\Local\Microsoft\WindowsApps;C:\Users\jotia\AppData\Local\GitHubDesktop\bin;C:\Users\jotia\AppData\Local\Google\Cloud SDK\google-cloud-sdk\bin;."/>
    <property name="java.vm.info" value="mixed mode, sharing"/>
    <property name="java.vendor" value="Oracle Corporation"/>
    <property name="vertx.disableTCCL" value="true"/>
    <property name="java.vm.version" value="16.0.2+7-67"/>
    <property name="sun.io.unicode.encoding" value="UnicodeLittle"/>
    <property name="skiptests" value="true"/>
    <property name="io.netty.machineId" value="64:9e:30:14:53:c9:f7:c1"/>
    <property name="java.class.version" value="60.0"/>
  </properties>
  <testcase name="testHelloEndpoint" classname="fr.pantheonsorbonne.ufr27.miage.GreetingResourceTest" time="0.016">
    <error type="java.lang.RuntimeException"><![CDATA[java.lang.RuntimeException: java.lang.RuntimeException: Failed to start quarkus
Caused by: java.lang.RuntimeException: Failed to start quarkus
Caused by: java.lang.RuntimeException: javax.persistence.PersistenceException: [PersistenceUnit: <default>] Unable to build Hibernate SessionFactory
Caused by: javax.persistence.PersistenceException: [PersistenceUnit: <default>] Unable to build Hibernate SessionFactory
Caused by: org.hibernate.exception.SQLGrammarException: Unable to open JDBC Connection for DDL execution
Caused by: java.sql.SQLSyntaxErrorException: Unknown database 'coutanceau_db'
]]></error>
    <system-out><![CDATA[2021-12-01 01:10:23,899 WARN  [io.qua.run.log.LoggingSetupRecorder] (main) Log level TRACE for category 'org.hibernate.type.descriptor.sql.BasicBinder' set below minimum logging level DEBUG, promoting it to DEBUG
2021-12-01 01:10:28,418 WARN  [io.agr.pool] (agroal-11) Datasource '<default>': Unknown database 'coutanceau_db'
2021-12-01 01:10:28,421 WARN  [org.hib.eng.jdb.env.int.JdbcEnvironmentInitiator] (JPA Startup Thread: <default>) HHH000342: Could not obtain connection to query metadata: java.sql.SQLSyntaxErrorException: Unknown database 'coutanceau_db'
	at com.mysql.cj.jdbc.exceptions.SQLError.createSQLException(SQLError.java:120)
	at com.mysql.cj.jdbc.exceptions.SQLExceptionsMapping.translateException(SQLExceptionsMapping.java:122)
	at com.mysql.cj.jdbc.ConnectionImpl.createNewIO(ConnectionImpl.java:828)
	at com.mysql.cj.jdbc.ConnectionImpl.<init>(ConnectionImpl.java:448)
	at com.mysql.cj.jdbc.ConnectionImpl.getInstance(ConnectionImpl.java:241)
	at com.mysql.cj.jdbc.NonRegisteringDriver.connect(NonRegisteringDriver.java:198)
	at io.agroal.pool.ConnectionFactory.createConnection(ConnectionFactory.java:204)
	at io.agroal.pool.ConnectionPool$CreateConnectionTask.call(ConnectionPool.java:470)
	at io.agroal.pool.ConnectionPool$CreateConnectionTask.call(ConnectionPool.java:452)
	at java.base/java.util.concurrent.FutureTask.run(FutureTask.java:264)
	at io.agroal.pool.util.PriorityScheduledExecutor.beforeExecute(PriorityScheduledExecutor.java:68)
	at java.base/java.util.concurrent.ThreadPoolExecutor.runWorker(ThreadPoolExecutor.java:1128)
	at java.base/java.util.concurrent.ThreadPoolExecutor$Worker.run(ThreadPoolExecutor.java:630)
	at java.base/java.lang.Thread.run(Thread.java:831)

2021-12-01 01:10:30,538 WARN  [io.agr.pool] (agroal-11) Datasource '<default>': Unknown database 'coutanceau_db'
2021-12-01 01:10:30,540 WARN  [org.hib.eng.jdb.spi.SqlExceptionHelper] (JPA Startup Thread: <default>) SQL Error: 1049, SQLState: 42000
2021-12-01 01:10:30,540 ERROR [org.hib.eng.jdb.spi.SqlExceptionHelper] (JPA Startup Thread: <default>) Unknown database 'coutanceau_db'
]]></system-out>
  </testcase>
</testsuite>